1
  Data for ANEOS number  -4   library number    0  type 99     ver 06/10/90

  ANEOS DUNITE WITHOUT MOLECULES                          RHUG=-1.00000D+00
                                                          THUG=-1.00000D+00

  IN( 1)= 3.000000000D+00  IN(15)= 0.000000000D+00  IN(29)= 0.000000000D+00
  IN( 2)= 4.000000000D+00  IN(16)= 0.000000000D+00  IN(30)= 0.000000000D+00
  IN( 3)= 3.320000000D+00  IN(17)= 0.000000000D+00  IN(31)= 0.000000000D+00
  IN( 4)= 2.567785000D-02  IN(18)= 4.650000000D+00  IN(32)= 0.000000000D+00
  IN( 5)= 0.000000000D+00  IN(19)= 4.900000000D+00  IN(33)= 0.000000000D+00
  IN( 6)=-6.600000000D+05  IN(20)= 6.600000000D+11  IN(34)= 0.000000000D+00
  IN( 7)= 8.200000000D-01  IN(21)= 3.500000000D+12  IN(35)= 0.000000000D+00
  IN( 8)= 5.700000000D-02  IN(22)= 1.300000000D+13  IN(36)= 1.500000000D-08
  IN( 9)= 8.600000000D-01  IN(23)= 0.000000000D+00  IN(37)= 8.000000000D+00
  IN(10)= 2.000000000D+00  IN(24)= 0.000000000D+00  IN(38)= 0.000000000D+00
  IN(11)= 2.000000000D+11  IN(25)= 0.000000000D+00  IN(39)= 0.000000000D+00
  IN(12)= 1.900000000D-01  IN(26)= 0.000000000D+00  IN(40)= 1.250000000D+00
  IN(13)= 0.000000000D+00  IN(27)= 0.000000000D+00  IN(41)= 4.650000000D+00
  IN(14)= 0.000000000D+00  IN(28)= 0.000000000D+00  IN(42)= 4.900000000D+00

  Z( 1)=  8.  number fraction( 1)= 5.71000D-01  atoms/gram( 1)= 1.71051D+22
  Z( 2)= 12.  number fraction( 2)= 2.86000D-01  atoms/gram( 2)= 8.56753D+21
  Z( 3)= 14.  number fraction( 3)= 1.43000D-01  atoms/gram( 3)= 4.28377D+21

  Zero-temperature isotherm has been modified for a solid-solid phase transition

  PCRITICAL= 6.599829D+11          PCTR(INPUT)= 6.600000D+11
  DPDETA(ETA1)= 2.158059D+12       DPDETA(ETA2)= 3.500000D+12
      D2PDETA2(ETA1)= 3.463644D+12     D2PDETA2(ETA2)= 1.300000D+13
  EC(ETA1  )= 2.284906D+10           EC(ETA2)= 3.009047D+10
  TGAMSTAR=-3.104150D+00           TGAM=-2.843255D-01



  REFERENCE POINT CONDITIONS

  T=   2.567785D-02      RHO=    3.320000D+00      P=   1.893996D-02
  E=   3.668087D+09      DPDT=   3.853967D+11      CV=  1.401946D+11
  S=   7.460844D+10      DPDR=   4.331141D+11      B0=  1.437939D+12
  CS=  6.599866D+05      GAMMA=  8.280157D-01
1
  TWO-PHASE CALCULATION FOR MATERIAL     4
  CRITICAL POINT
  RHO=  8.3300918D-01       T=  1.6329310D+00         P=  3.3655388D+10
  E=  4.5345743D+11         S=  8.2933899D+11         NTY=    4


  TWO-PHASE BOUNDARIES
       T         RHOLIQ        PLIQ         ELIQ         SLIQ         GLIQ
                 RHOVAP        PVAP         EVAP         SVAP         GVAP

  1.51269D+00  1.36644D+00  2.24061D+10  3.67355D+11  7.68213D+11 -7.78314D+11
           11  3.36390D-01  2.24061D+10  5.08275D+11  8.94565D+11 -7.78314D+11

  1.39244D+00  1.72335D+00  1.56756D+10  3.14243D+11  7.31009D+11 -6.94549D+11
           10  2.38279D-01  1.56756D+10  5.04664D+11  9.08476D+11 -6.94549D+11

  1.27220D+00  1.98743D+00  1.02899D+10  2.77178D+11  7.03435D+11 -6.12554D+11
            9  1.64782D-01  1.02899D+10  4.97281D+11  9.21460D+11 -6.12554D+11

  1.15195D+00  2.21398D+00  6.19337D+09  2.47992D+11  6.79812D+11 -5.32322D+11
            8  1.08053D-01  6.19337D+09  4.87769D+11  9.35289D+11 -5.32322D+11

  1.03171D+00  2.41685D+00  3.30653D+09  2.24380D+11  6.58667D+11 -4.53805D+11
            7  6.45998D-02  3.30653D+09  4.77174D+11  9.51976D+11 -4.53805D+11

  9.11466D-01  2.60250D+00  1.48990D+09  2.04071D+11  6.38161D+11 -3.77017D+11
            7  3.32616D-02  1.48990D+09  4.66184D+11  9.74250D+11 -3.77017D+11

  7.91221D-01  2.77568D+00  5.18855D+08  1.78469D+11  6.08147D+11 -3.02523D+11
            6  1.34530D-02  5.18855D+08  4.55203D+11  1.00641D+12 -3.02523D+11

  6.70977D-01  2.93317D+00  1.11438D+08  1.26112D+11  5.35960D+11 -2.33466D+11
            4  3.42528D-03  1.11438D+08  4.44546D+11  1.05897D+12 -2.33466D+11

  5.50733D-01  3.03974D+00  8.94341D+06  6.68675D+10  4.39435D+11 -1.75141D+11
            6  3.35988D-04  8.94341D+06  4.34504D+11  1.15530D+12 -1.75141D+11

  4.30489D-01  3.09297D+00  1.31219D+05  4.13141D+10  3.88415D+11 -1.25894D+11
            8  6.32039D-06  1.31219D+05  4.24885D+11  1.32765D+12 -1.25894D+11

  3.70366D-01  3.11371D+00  5.61458D+03  3.63250D+10  3.76004D+11 -1.02934D+11
           10  3.14707D-07  5.61458D+03  4.20053D+11  1.46025D+12 -1.02934D+11

  3.10244D-01  3.13648D+00  7.31192D+01  3.23637D+10  3.64340D+11 -8.06705D+10
           13  4.90019D-09  7.31192D+01  4.15089D+11  1.64606D+12 -8.06705D+10

  2.50122D-01  3.16351D+00  1.24189D-01  2.80865D+10  3.48973D+11 -5.91995D+10
           17  1.03560D-11  1.24304D-01  4.09851D+11  1.92327D+12 -5.91995D+10

  1.90000D-01  3.19627D+00  3.43323D-05  2.30086D+10  3.25656D+11 -3.88660D+10
           21  4.39478D-16  3.99219D-06  4.04040D+11  2.37890D+12 -3.88660D+10

  1.58333D-01  3.21619D+00 -2.61784D-04  1.99318D+10  3.07914D+11 -2.88214D+10
           21  9.93337D-20  7.49622D-10  4.00544D+11  2.75944D+12 -2.88214D+10

  1.26667D-01  3.23808D+00  3.93391D-04  1.65457D+10  2.84012D+11 -1.94292D+10
           30  3.26648D-25  1.96353D-15  3.96582D+11  3.33176D+12 -1.94292D+10

  9.50000D-02  3.26194D+00  3.92795D-04  1.28382D+10  2.50261D+11 -1.09366D+10
           39  2.20241D-34  9.87884D-25  3.92327D+11  4.29210D+12 -1.09366D+10

  6.33333D-02  3.28760D+00 -1.47402D-04  8.81486D+09  1.98614D+11 -3.76400D+09
           52  5.85896D-54  8.90419D-45  2.02280D+11  3.27732D+12 -3.76400D+09

  3.16667D-02  3.31475D+00  5.59539D-05  4.50885D+09  1.04043D+11  1.21414D+09
           96  8.51023-110  6.46673-101  2.01140D+11  6.33759D+12  1.20947D+09
1
  DATA ARRAY FOR MATERIAL   4

  C( 1) = 1.391077506D+00  C(29) = 2.010638800D+01  C(57) = 3.000000000D-01
  C( 2) = 1.465866620D+00  C(30) = 4.000000000D+00  C(58) = 1.000000000D-01
  C( 3) = 1.479051136D+12  C(31) = 1.000000000D+00  C(59) = 2.000000000D-01
  C( 4) = 1.520548127D+12  C(32) = 2.342631629D+13  C(60) = 0.000000000D+00
  C( 5) = 6.153732381D+00  C(33) = 2.512103366D+00  C(61) = 0.000000000D+00
  C( 6) = 3.235604815D+00  C(34) = 3.456922683D+13  C(62) = 0.000000000D+00
  C( 7) = 6.599829037D+11  C(35) =-7.517327837D+13  C(63) = 1.000000000D+00
  C( 8) = 2.284905502D+10  C(36) = 4.250386681D+13  C(64) = 0.000000000D+00
  C( 9) = 4.246359101D+12  C(37) = 5.044941862D+13  C(65) = 0.000000000D+00
  C(10) = 2.000000000D+11  C(38) =-5.316393146D+13  C(66) = 1.500000000D-08
  C(11) = 3.320000000D+00  C(39) = 8.371933249D+13  C(67) = 8.000000000D+00
  C(12) = 2.567785000D-02  C(40) =-2.924953361D+13  C(68) = 0.000000000D+00
  C(13) = 6.852096656D-05  C(41) = 0.000000000D+00  C(69) = 0.000000000D+00
  C(14) = 1.492572874D-02  C(42) = 1.000000000D-01  C(70) = 1.250000000D+00
  C(15) = 8.200000000D-01  C(43) = 0.000000000D+00  C(71) = 1.000000000D+00
  C(16) =-5.806357962D-02  C(44) = 0.000000000D+00  C(72) = 0.000000000D+00
  C(17) = 1.385542169D-01  C(45) = 0.000000000D+00  C(73) = 1.632931011D+00
  C(18) = 1.900000000D-01  C(46) = 0.000000000D+00  C(74) = 8.330091818D-01
  C(19) = 3.342732506D+00  C(47) = 3.196266791D+00  C(75) = 2.234668598D+00
  C(20) = 0.000000000D+00  C(48) = 0.000000000D+00  C(76) =-2.843254792D-01
  C(21) = 1.437938902D+12  C(49) = 0.000000000D+00  C(77) = 9.034085525D-01
  C(22) = 0.000000000D+00  C(50) = 0.000000000D+00  C(78) = 4.167337475D+00
  C(23) = 2.656000000D+00  C(51) = 0.000000000D+00  C(79) = 2.496280060D+05
  C(24) = 6.666666667D-01  C(52) = 0.000000000D+00  C(80) = 8.000000000D+00
  C(25) = 5.700000000D-02  C(53) = 0.000000000D+00  C(81) = 1.000000000D+00
  C(26) = 1.000200000D+01  C(54) = 0.000000000D+00  C(82) = 0.000000000D+00
  C(27) = 2.995641485D+22  C(55) = 9.999990000D-01  C(83) = 1.250000000D+00
  C(28) = 3.000000000D+00  C(56) = 1.000000000D-06  C(84) = 0.000000000D+00

  LOCKP( 4)=   1    LOCKPL( 4)=  97  (two-phase array storage data)
1

   ZERO-TEMPERATURE ISOTHERM

        RHO          P         DPDR          E          ETA
    3.3200D+00 -9.9511D+09  4.3306D+11  1.0396D+07  9.9320D-01
    3.3832D+00  1.7864D+10  4.4053D+11  3.2000D+07  1.0121D+00
    3.4464D+00  4.5645D+10  4.3890D+11  2.0370D+08  1.0310D+00
    3.5096D+00  7.3376D+10  4.3890D+11  5.1421D+08  1.0499D+00
    3.5728D+00  1.0116D+11  4.4046D+11  9.5359D+08  1.0688D+00
    3.6360D+00  1.2908D+11  4.4348D+11  1.5132D+09  1.0877D+00
    3.6992D+00  1.5724D+11  4.4790D+11  2.1853D+09  1.1066D+00
    3.7624D+00  1.8572D+11  4.5366D+11  2.9635D+09  1.1255D+00
    3.8256D+00  2.1461D+11  4.6068D+11  3.8419D+09  1.1445D+00
    3.8888D+00  2.4398D+11  4.6892D+11  4.8155D+09  1.1634D+00
    3.9520D+00  2.7391D+11  4.7831D+11  5.8798D+09  1.1823D+00
    4.0152D+00  3.0446D+11  4.8880D+11  7.0310D+09  1.2012D+00
    4.0784D+00  3.3571D+11  5.0034D+11  8.2658D+09  1.2201D+00
    4.1416D+00  3.6772D+11  5.1289D+11  9.5812D+09  1.2390D+00
    4.2048D+00  4.0056D+11  5.2640D+11  1.0975D+10  1.2579D+00
    4.2680D+00  4.3428D+11  5.4083D+11  1.2444D+10  1.2768D+00
    4.3312D+00  4.6894D+11  5.5615D+11  1.3988D+10  1.2957D+00
    4.3944D+00  5.0460D+11  5.7231D+11  1.5603D+10  1.3146D+00
    4.4576D+00  5.4130D+11  5.8928D+11  1.7290D+10  1.3335D+00
    4.5208D+00  5.7910D+11  6.0702D+11  1.9046D+10  1.3524D+00
    4.5840D+00  6.1804D+11  6.2552D+11  2.0871D+10  1.3713D+00
    4.6472D+00  6.5818D+11  6.4473D+11  2.2764D+10  1.3902D+00
    4.7104D+00  6.5998D+11  4.8302D+04  2.4669D+10  1.4091D+00
    4.7736D+00  6.5998D+11  4.9556D+04  2.6524D+10  1.4281D+00
    4.8368D+00  6.5998D+11  5.0761D+04  2.8331D+10  1.4470D+00
    4.9000D+00  6.5998D+11  1.0470D+12  3.0091D+10  1.4659D+00
    4.9632D+00  7.2847D+11  1.1202D+12  3.1893D+10  1.4848D+00
    5.0264D+00  8.0156D+11  1.1926D+12  3.3830D+10  1.5037D+00
    5.0896D+00  8.7921D+11  1.2644D+12  3.5905D+10  1.5226D+00
    5.1528D+00  9.6137D+11  1.3355D+12  3.8121D+10  1.5415D+00
    5.2160D+00  1.0480D+12  1.4059D+12  4.0482D+10  1.5604D+00
    5.2792D+00  1.1391D+12  1.4757D+12  4.2991D+10  1.5793D+00
    5.3424D+00  1.2345D+12  1.5449D+12  4.5649D+10  1.5982D+00
    5.4056D+00  1.3343D+12  1.6135D+12  4.8459D+10  1.6171D+00
    5.4688D+00  1.4384D+12  1.6815D+12  5.1421D+10  1.6360D+00
    5.5320D+00  1.5468D+12  1.7490D+12  5.4538D+10  1.6549D+00
    5.5952D+00  1.6595D+12  1.8160D+12  5.7811D+10  1.6738D+00
    5.6584D+00  1.7764D+12  1.8824D+12  6.1239D+10  1.6927D+00
    5.7216D+00  1.8974D+12  1.9484D+12  6.4824D+10  1.7117D+00
    5.7848D+00  2.0226D+12  2.0139D+12  6.8565D+10  1.7306D+00
    5.8480D+00  2.1520D+12  2.0789D+12  7.2464D+10  1.7495D+00
    5.9112D+00  2.2854D+12  2.1434D+12  7.6519D+10  1.7684D+00
    5.9744D+00  2.4229D+12  2.2075D+12  8.0731D+10  1.7873D+00
    6.0376D+00  2.5644D+12  2.2712D+12  8.5099D+10  1.8062D+00
    6.1008D+00  2.7100D+12  2.3345D+12  8.9623D+10  1.8251D+00
    6.1640D+00  2.8595D+12  2.3974D+12  9.4302D+10  1.8440D+00
    6.2272D+00  3.0130D+12  2.4599D+12  9.9135D+10  1.8629D+00
    6.2904D+00  3.1704D+12  2.5220D+12  1.0412D+11  1.8818D+00
    6.3536D+00  3.3318D+12  2.5838D+12  1.0926D+11  1.9007D+00
    6.4168D+00  3.4970D+12  2.6452D+12  1.1455D+11  1.9196D+00
1

   HUGONIOT

      RHO          T           P          PC           E           S           V           U       RHO/RHOO
  3.3200D+00  2.5678D-02  1.8940D-02 -9.9511D+09  3.6681D+09  7.4608D+10  6.5999D+05  0.0000D+00  1.0000D+00
  3.3709D+00  2.6000D-02  2.2511D+10  1.2432D+10  3.7193D+09  7.4624D+10  6.7025D+05  1.0116D+04  1.0153D+00  4        
  3.4480D+00  2.6500D-02  5.6652D+10  4.6369D+10  3.9849D+09  7.4763D+10  6.7786D+05  2.5173D+04  1.0386D+00  3        
  3.5817D+00  2.7500D-02  1.1580D+11  1.0509D+11  4.9425D+09  7.5818D+10  6.9088D+05  5.0486D+04  1.0788D+00  4        
  3.6838D+00  2.8500D-02  1.6150D+11  1.5036D+11  6.0702D+09  7.7855D+10  7.0182D+05  6.9312D+04  1.1096D+00  4        
  3.7967D+00  3.0000D-02  2.1311D+11  2.0132D+11  7.6975D+09  8.1929D+10  7.1505D+05  8.9771D+04  1.1436D+00  4        
  4.0237D+00  3.5000D-02  3.2254D+11  3.0860D+11  1.2163D+10  9.7678D+10  7.4534D+05  1.3035D+05  1.2119D+00  5        
  4.1637D+00  4.0000D-02  3.9519D+11  3.7911D+11  1.5728D+10  1.1294D+11  7.6644D+05  1.5531D+05  1.2541D+00  4        
  4.3524D+00  5.0000D-02  5.0112D+11  4.8078D+11  2.1569D+10  1.3953D+11  7.9771D+05  1.8922D+05  1.3110D+00  4        
  4.4861D+00  6.0000D-02  5.8281D+11  5.5821D+11  2.6484D+10  1.6157D+11  8.2179D+05  2.1361D+05  1.3512D+00  4        
  5.0411D+00  1.0000D-01  8.6191D+11  8.1924D+11  4.7986D+10  2.1884D+11  8.7201D+05  2.9772D+05  1.5184D+00  4        
  5.0841D+00  1.2000D-01  9.2304D+11  8.7228D+11  5.1903D+10  2.4091D+11  8.9513D+05  3.1060D+05  1.5314D+00  3        
  5.1231D+00  1.4000D-01  9.8080D+11  9.2217D+11  5.5655D+10  2.5887D+11  9.1617D+05  3.2245D+05  1.5431D+00  3        
  5.1586D+00  1.6000D-01  1.0354D+12  9.6916D+11  5.9247D+10  2.7381D+11  9.3543D+05  3.3340D+05  1.5538D+00  3        
  5.1912D+00  1.8000D-01  1.0872D+12  1.0135D+12  6.2686D+10  2.8646D+11  9.5313D+05  3.4356D+05  1.5636D+00  3        
  5.2212D+00  2.0000D-01  1.1362D+12  1.0553D+12  6.5976D+10  2.9732D+11  9.6946D+05  3.5301D+05  1.5727D+00  3        
  5.2868D+00  2.5000D-01  1.2482D+12  1.1503D+12  7.3600D+10  3.1874D+11  1.0053D+06  3.7398D+05  1.5924D+00  4        
  5.3419D+00  3.0000D-01  1.3471D+12  1.2337D+12  8.0458D+10  3.3456D+11  1.0354D+06  3.9189D+05  1.6090D+00  4        
  5.3897D+00  3.5000D-01  1.4368D+12  1.3089D+12  8.6763D+10  3.4687D+11  1.0616D+06  4.0766D+05  1.6234D+00  4        
  5.4355D+00  4.0000D-01  1.5247D+12  1.3831D+12  9.3037D+10  3.5743D+11  1.0863D+06  4.2278D+05  1.6372D+00  4        
  5.4881D+00  4.5000D-01  1.6262D+12  1.4711D+12  1.0042D+11  3.6826D+11  1.1135D+06  4.3990D+05  1.6530D+00  4        
  5.5597D+00  5.0000D-01  1.7657D+12  1.5956D+12  1.1079D+11  3.8167D+11  1.1490D+06  4.6286D+05  1.6746D+00  4        
  5.6606D+00  5.5000D-01  1.9685D+12  1.7804D+12  1.2625D+11  3.9967D+11  1.1975D+06  4.9514D+05  1.7050D+00  3        
  5.7907D+00  6.0000D-01  2.2453D+12  2.0346D+12  1.4795D+11  4.2282D+11  1.2590D+06  5.3718D+05  1.7442D+00  4        
  5.9366D+00  6.5000D-01  2.5789D+12  2.3401D+12  1.7485D+11  4.4947D+11  1.3276D+06  5.8512D+05  1.7881D+00  4        
  6.0770D+00  7.0000D-01  2.9261D+12  2.6547D+12  2.0359D+11  4.7616D+11  1.3938D+06  6.3234D+05  1.8304D+00  4        
  6.1939D+00  7.5000D-01  3.2380D+12  2.9317D+12  2.2993D+11  4.9926D+11  1.4498D+06  6.7270D+05  1.8656D+00  5        
  6.2797D+00  8.0000D-01  3.4845D+12  3.1435D+12  2.5100D+11  5.1685D+11  1.4923D+06  7.0333D+05  1.8915D+00  4        
  6.3375D+00  8.5000D-01  3.6648D+12  3.2904D+12  2.6646D+11  5.2923D+11  1.5226D+06  7.2498D+05  1.9089D+00  4        
  6.3762D+00  9.0000D-01  3.7966D+12  3.3905D+12  2.7773D+11  5.3794D+11  1.5446D+06  7.4036D+05  1.9205D+00  4        
  6.4042D+00  9.5000D-01  3.9005D+12  3.4638D+12  2.8656D+11  5.4453D+11  1.5619D+06  7.5219D+05  1.9290D+00  4        
  6.4272D+00  1.0000D+00  3.9911D+12  3.5247D+12  2.9425D+11  5.5003D+11  1.5769D+06  7.6235D+05  1.9359D+00  4        
  6.4695D+00  1.1000D+00  4.1626D+12  3.6376D+12  3.0885D+11  5.5970D+11  1.6048D+06  7.8126D+05  1.9486D+00  4        
  6.5129D+00  1.2000D+00  4.3389D+12  3.7557D+12  3.2402D+11  5.6873D+11  1.6327D+06  8.0044D+05  1.9617D+00  4        
  6.5590D+00  1.3000D+00  4.5248D+12  3.8830D+12  3.4019D+11  5.7746D+11  1.6613D+06  8.2039D+05  1.9756D+00  4        
  6.6073D+00  1.4000D+00  4.7193D+12  4.0183D+12  3.5728D+11  5.8588D+11  1.6903D+06  8.4096D+05  1.9901D+00  4        
  6.6569D+00  1.5000D+00  4.9206D+12  4.1597D+12  3.7513D+11  5.9400D+11  1.7195D+06  8.6193D+05  2.0051D+00  4        
  6.7578D+00  1.7000D+00  5.3378D+12  4.4549D+12  4.1262D+11  6.0927D+11  1.7778D+06  9.0438D+05  2.0355D+00  4        
  6.9087D+00  2.0000D+00  5.9860D+12  4.9137D+12  4.7195D+11  6.2990D+11  1.8631D+06  9.6776D+05  2.0809D+00  4        
  7.1496D+00  2.5000D+00  7.0955D+12  5.6900D+12  5.7604D+11  6.5929D+11  1.9975D+06  1.0699D+06  2.1535D+00  4        
  7.3736D+00  3.0000D+00  8.2203D+12  6.4598D+12  6.8425D+11  6.8403D+11  2.1222D+06  1.1667D+06  2.2210D+00  4        
  7.7730D+00  4.0000D+00  1.0478D+13  7.9437D+12  9.0770D+11  7.2433D+11  2.3472D+06  1.3446D+06  2.3413D+00  4        
  8.1165D+00  5.0000D+00  1.2718D+13  9.3321D+12  1.1356D+12  7.5672D+11  2.5460D+06  1.5046D+06  2.4447D+00  4        
  8.4143D+00  6.0000D+00  1.4924D+13  1.0618D+13  1.3644D+12  7.8400D+11  2.7248D+06  1.6497D+06  2.5344D+00  4        
  8.6750D+00  7.0000D+00  1.7090D+13  1.1806D+13  1.5925D+12  8.0768D+11  2.8878D+06  1.7826D+06  2.6130D+00  4        
  8.9053D+00  8.0000D+00  1.9216D+13  1.2903D+13  1.8187D+12  8.2865D+11  3.0378D+06  1.9053D+06  2.6823D+00  3        
  9.1104D+00  9.0000D+00  2.1302D+13  1.3917D+13  2.0427D+12  8.4751D+11  3.1773D+06  2.0194D+06  2.7441D+00  3        
  9.2946D+00  1.0000D+01  2.3352D+13  1.4856D+13  2.2643D+12  8.6465D+11  3.3079D+06  2.1263D+06  2.7996D+00  3        
