1
  Data for ANEOS number  -5   library number    0  type 99     ver 06/10/90

  IRON-2                                                  RHUG=-1.00000D+00
                                                          THUG=-1.00000D+00

  IN( 1)= 1.000000000D+00  IN( 9)= 0.000000000D+00  IN(17)= 0.000000000D+00
  IN( 2)= 4.000000000D+00  IN(10)= 2.000000000D+00  IN(18)= 0.000000000D+00
  IN( 3)= 7.850000000D+00  IN(11)= 8.200000000D+10  IN(19)= 0.000000000D+00
  IN( 4)= 2.567785000D-02  IN(12)= 1.558800000D-01  IN(20)= 0.000000000D+00
  IN( 5)= 0.000000000D+00  IN(13)= 0.000000000D+00  IN(21)= 0.000000000D+00
  IN( 6)= 1.450000000D+12  IN(14)= 0.000000000D+00  IN(22)= 0.000000000D+00
  IN( 7)= 1.690000000D+00  IN(15)= 0.000000000D+00  IN(23)= 2.471000000D+09
  IN( 8)=-4.000000000D-02  IN(16)= 0.000000000D+00  IN(24)= 9.550000000D-01

  Z( 1)= 26.  number fraction( 1)= 1.00000D+00  atoms/gram( 1)= 1.07847D+22


  REFERENCE POINT CONDITIONS

  T=   2.567785D-02      RHO=    7.850000D+00      P=   8.277321D-02
  E=   7.133408D+08      DPDT=   6.093371D+11      CV=  4.597608D+10
  S=   4.907553D+10      DPDR=   1.847134D+11      B0=  1.450000D+12
  CS=  4.336802D+05      GAMMA=  1.688325D+00
1
  TWO-PHASE CALCULATION FOR MATERIAL     5
  CRITICAL POINT
  RHO=  1.3328750D+00       T=  1.7048185D+00         P=  2.0335384D+10
  E=  1.0731026D+11         S=  3.3211722D+11         NTY=  141


  TWO-PHASE BOUNDARIES
       T         RHOLIQ        PLIQ         ELIQ         SLIQ         GLIQ
                 RHOVAP        PVAP         EVAP         SVAP         GVAP

  1.57574D+00  1.77149D+00  1.73597D+10  9.86780D+10  3.24725D+11 -4.03206D+11
           10  9.25474D-01  1.73597D+10  1.07770D+11  3.36180D+11 -4.03206D+11

  1.44666D+00  1.97679D+00  1.45999D+10  9.30565D+10  3.20386D+11 -3.63048D+11
            9  7.59776D-01  1.45999D+10  1.05350D+11  3.37062D+11 -3.63048D+11

  1.31758D+00  2.15531D+00  1.20433D+10  8.79143D+10  3.16260D+11 -3.23198D+11
            8  6.32628D-01  1.20433D+10  1.02487D+11  3.37528D+11 -3.23198D+11

  1.18851D+00  2.33194D+00  9.68138D+09  8.28863D+10  3.11940D+11 -2.83704D+11
            8  5.24745D-01  9.68138D+09  9.94076D+10  3.37871D+11 -2.83704D+11

  1.05943D+00  2.52421D+00  7.51001D+09  7.77071D+10  3.07075D+11 -2.44642D+11
            7  4.28434D-01  7.51001D+09  9.61760D+10  3.38246D+11 -2.44642D+11

  9.30349D-01  2.75543D+00  5.53044D+09  7.20398D+10  3.01146D+11 -2.06124D+11
            7  3.39394D-01  5.53044D+09  9.27919D+10  3.38810D+11 -2.06124D+11

  8.01271D-01  3.06949D+00  3.75065D+09  6.52807D+10  2.93106D+11 -1.68354D+11
            6  2.54540D-01  3.75065D+09  8.92200D+10  3.39847D+11 -1.68354D+11

  6.72193D-01  3.56380D+00  2.19282D+09  5.61716D+10  2.80465D+11 -1.31740D+11
            6  1.71277D-01  2.19282D+09  8.53929D+10  3.42067D+11 -1.31740D+11

  5.43115D-01  4.39103D+00  9.33339D+08  4.31632D+10  2.58734D+11 -9.71465D+10
            5  8.95839D-02  9.33339D+08  8.12117D+10  3.47582D+11 -9.71465D+10

  4.14036D-01  5.41255D+00  1.86523D+08  2.92360D+10  2.29514D+11 -6.57565D+10
            4  2.45909D-02  1.86491D+08  7.67524D+10  3.62511D+11 -6.57565D+10

  3.49497D-01  5.87911D+00  4.53455D+07  2.34248D+10  2.14284D+11 -5.14592D+10
            4  7.50753D-03  4.53453D+07  7.47186D+10  3.78308D+11 -5.14592D+10

  2.84958D-01  6.29599D+00  4.82600D+06  1.84403D+10  1.98557D+11 -3.81393D+10
            3  1.01612D-03  4.52618D+06  7.34358D+10  4.07181D+11 -3.81393D+10

  2.20419D-01  6.66565D+00  5.86985D+04  1.41303D+10  1.81457D+11 -2.58663D+10
            5  1.95575D-05  5.86985D+04  7.43733D+10  4.68384D+11 -2.58663D+10

  1.55880D-01  6.99337D+00  3.73311D-01  1.03548D+10  1.61264D+11 -1.47831D+10
            4  2.01248D-09  4.26004D+00  7.94109D+10  6.17852D+11 -1.47831D+10

  1.54321D-01  7.33000D+00  2.99812D+00  7.79043D+09  1.44810D+11 -1.45569D+10
            5  1.42509D-09  2.99809D+00  7.95668D+10  6.23553D+11 -1.45569D+10

  1.33537D-01  7.42280D+00  1.30157D-02  6.56245D+09  1.36266D+11 -1.16342D+10
            5  6.91230D-12  1.33955D-02  8.14879D+10  7.11861D+11 -1.16342D+10

  1.07557D-01  7.53428D+00 -3.81470D-04  5.07083D+09  1.23851D+11 -8.25026D+09
            7  6.87899D-16  1.16804D-06  8.31392D+10  8.65470D+11 -8.25026D+09

  8.15772D-02  7.64084D+00  2.51770D-04  3.62480D+09  1.08474D+11 -5.22420D+09
            7  3.84790D-22  5.27108D-13  8.37155D+10  1.10704D+12 -5.22420D+09

  5.55972D-02  7.74226D+00 -1.06812D-04  2.22647D+09  8.78618D+10 -2.65840D+09
            8  6.52904D-34  6.25439D-25  8.34142D+10  1.56538D+12 -2.65840D+09

  2.96172D-02  7.83676D+00 -4.25339D-04  9.00993D+08  5.58717D+10 -7.53771D+08
            6  2.71335D-66  1.38847D-57  8.27676D+10  2.83731D+12 -7.53771D+08
1
  DATA ARRAY FOR MATERIAL   5

  C( 1) = 1.000000000+100  C(27) = 1.078471056D+22  C(53) = 0.000000000D+00
  C( 2) = 0.000000000D+00  C(28) = 1.000000000D+00  C(54) = 0.000000000D+00
  C( 3) = 1.501893967D+12  C(29) = 5.584900000D+01  C(55) = 9.999990000D-01
  C( 4) = 1.024141720D+12  C(30) = 4.000000000D+00  C(56) = 1.000000000D-06
  C( 5) = 7.269735552D+00  C(31) = 4.000000000D+00  C(57) = 3.000000000D-01
  C( 6) = 2.870264448D+00  C(32) = 8.795399341D+13  C(58) = 1.000000000D-01
  C( 7) = 0.000000000D+00  C(33) = 3.442231428D+00  C(59) = 2.000000000D-01
  C( 8) = 0.000000000D+00  C(34) = 3.976945853D+13  C(60) = 0.000000000D+00
  C( 9) = 0.000000000D+00  C(35) =-9.316123006D+13  C(61) = 0.000000000D+00
  C(10) = 8.200000000D+10  C(36) = 5.620570256D+13  C(62) = 0.000000000D+00
  C(11) = 7.850000000D+00  C(37) = 7.004119951D+13  C(63) = 1.000000000D+00
  C(12) = 2.567785000D-02  C(38) = 0.000000000D+00  C(64) = 0.000000000D+00
  C(13) = 2.295534270D-05  C(39) = 0.000000000D+00  C(65) = 0.000000000D+00
  C(14) =-7.775292013D-04  C(40) = 0.000000000D+00  C(66) = 0.000000000D+00
  C(15) = 1.690000000D+00  C(41) = 0.000000000D+00  C(67) = 0.000000000D+00
  C(16) =-3.862225648D-02  C(42) = 1.000000000D-01  C(68) = 0.000000000D+00
  C(17) = 3.910828025D-01  C(43) =-5.109870027D+09  C(69) = 0.000000000D+00
  C(18) = 1.558800000D-01  C(44) =-5.557508825D+10  C(70) = 0.000000000D+00
  C(19) = 7.900005710D+00  C(45) = 4.810157038D+10  C(71) = 1.000000000D+00
  C(20) = 0.000000000D+00  C(46) = 7.322904020D+00  C(72) = 0.000000000D+00
  C(21) = 1.450000000D+12  C(47) = 6.993373339D+00  C(73) = 1.704818494D+00
  C(22) = 0.000000000D+00  C(48) = 3.423081127D+00  C(74) = 1.332874967D+00
  C(23) = 6.280000000D+00  C(49) = 6.837169618D-02  C(75) = 0.000000000D+00
  C(24) = 6.666666667D-01  C(50) = 7.953346449D-02  C(76) = 0.000000000D+00
  C(25) =-4.000000000D-02  C(51) = 7.710950471D-02  C(77) = 8.117543154D-01
  C(26) = 2.600000000D+01  C(52) = 7.906867873D-01  C(78) = 4.745957780D+00

  LOCKP( 5)=  98    LOCKPL( 5)= 196  (two-phase array storage data)
1  MELT CURVE

       T          RS          PS          ES          SS          GS
                  RL          PL          EL          SL          GL

  6.8372D-02  6.2748D+00 -1.7003D+11  7.2306D+09  1.1797D+11 -2.7932D+10
        14    5.5450D+00 -1.7003D+11  1.2755D+10  1.4661D+11 -2.7932D+10

  9.7541D-02  6.6106D+00 -1.2399D+11  7.1017D+09  1.3105D+11 -2.4438D+10
         9    6.1168D+00 -1.2399D+11  1.0729D+10  1.5272D+11 -2.4438D+10

  1.2671D-01  6.9652D+00 -6.7006D+10  7.2907D+09  1.3945D+11 -2.0000D+10
         5    6.5754D+00 -6.7006D+10  1.0156D+10  1.5757D+11 -2.0000D+10

  1.5588D-01  7.3229D+00  3.7331D-01  7.8838D+09  1.4541D+11 -1.4783D+10
         0    6.9934D+00  3.7331D-01  1.0355D+10  1.6126D+11 -1.4783D+10

  1.8762D-01  7.7125D+00  8.3831D+10  8.9917D+09  1.5027D+11 -8.3323D+09
         2    7.4252D+00  8.3831D+10  1.1222D+10  1.6440D+11 -8.3323D+09

  2.2583D-01  8.1797D+00  1.9976D+11  1.0946D+10  1.5476D+11  4.1859D+08
         3    7.9301D+00  1.9976D+11  1.3023D+10  1.6735D+11  4.1859D+08

  2.7182D-01  8.7402D+00  3.6701D+11  1.4168D+10  1.5894D+11  1.2957D+10
         3    8.5332D+00  3.6701D+11  1.6194D+10  1.7014D+11  1.2957D+10

  3.2718D-01  9.4239D+00  6.2219D+11  1.9350D+10  1.6278D+11  3.2115D+10
         3    9.2571D+00  6.2219D+11  2.1436D+10  1.7279D+11  3.2115D+10

  3.9380D-01  1.0269D+01  1.0302D+12  2.7676D+10  1.6625D+11  6.2527D+10
         3    1.0136D+01  1.0302D+12  2.9923D+10  1.7529D+11  6.2527D+10

  4.7400D-01  1.1325D+01  1.7089D+12  4.1208D+10  1.6936D+11  1.1183D+11
         3    1.1220D+01  1.7089D+12  4.3704D+10  1.7761D+11  1.1183D+11

  5.7052D-01  1.2666D+01  2.8786D+12  6.3580D+10  1.7208D+11  1.9267D+11
         4    1.2582D+01  2.8786D+12  6.6412D+10  1.7970D+11  1.9267D+11

  6.8671D-01  1.4400D+01  4.9644D+12  1.0134D+11  1.7438D+11  3.2634D+11
         5    1.4333D+01  4.9644D+12  1.0460D+11  1.8148D+11  3.2634D+11

  8.2655D-01  1.6694D+01  8.8212D+12  1.6651D+11  1.7619D+11  5.4931D+11
         6    1.6639D+01  8.8212D+12  1.7032D+11  1.8288D+11  5.4931D+11

  9.9487D-01  1.9814D+01  1.6259D+13  2.8186D+11  1.7741D+11  9.2594D+11
         8    1.9769D+01  1.6259D+13  2.8635D+11  1.8379D+11  9.2594D+11

  1.1975D+00  2.4213D+01  3.1364D+13  4.9187D+11  1.7789D+11  1.5742D+12
        11    2.4176D+01  3.1364D+13  4.9722D+11  1.8402D+11  1.5742D+12

  1.4413D+00  3.0707D+01  6.4156D+13  8.8767D+11  1.7737D+11  2.7214D+12
        16    3.0675D+01  6.4156D+13  8.9416D+11  1.8335D+11  2.7214D+12

  1.7348D+00  4.0885D+01  1.4201D+14  1.6683D+12  1.7547D+11  4.8374D+12
        23    4.0858D+01  1.4201D+14  1.6763D+12  1.8140D+11  4.8374D+12

  2.0881D+00  5.8221D+01  3.5161D+14  3.3101D+12  1.7157D+11  8.9911D+12
        33    5.8198D+01  3.5161D+14  3.3202D+12  1.7757D+11  8.9911D+12

  2.5134D+00  9.1609D+01  1.0329D+15  7.1203D+12  1.6452D+11  1.7982D+13
        49    9.1589D+01  1.0329D+15  7.1336D+12  1.7078D+11  1.7982D+13

  3.0252D+00  1.7050D+02  4.0747D+15  1.7609D+13  1.5196D+11  4.1048D+13
        71    1.7049D+02  4.0747D+15  1.7628D+13  1.5882D+11  4.1048D+13
1

   HUGONIOT

      RHO          T           P          PC           E           S           V           U       RHO/RHOO
  7.8500D+00  2.5678D-02  8.2773D-02 -9.4052D+09  7.1334D+08  4.9076D+10  4.3368D+05  0.0000D+00  1.0000D+00
  7.9083D+00  2.6000D-02  1.1096D+10  1.5728D+09  7.1855D+08  4.9077D+10  4.3802D+05  3.2271D+03  1.0074D+00  2  SOLID 
  7.9971D+00  2.6500D-02  2.8556D+10  1.8846D+10  7.4679D+08  4.9097D+10  4.4474D+05  8.1795D+03  1.0187D+00  2  SOLID 
  8.1603D+00  2.7500D-02  6.2487D+10  5.2379D+10  8.6468D+08  4.9275D+10  4.5754D+05  1.7398D+04  1.0395D+00  3  SOLID 
  8.2982D+00  2.8500D-02  9.3194D+10  8.2652D+10  1.0340D+09  4.9676D+10  4.6882D+05  2.5323D+04  1.0571D+00  3  SOLID 
  8.4636D+00  3.0000D-02  1.3270D+11  1.2145D+11  1.3261D+09  5.0602D+10  4.8289D+05  3.5007D+04  1.0782D+00  3  SOLID 
  8.8199D+00  3.5000D-02  2.2912D+11  2.1520D+11  2.3182D+09  5.4840D+10  5.1518D+05  5.6654D+04  1.1236D+00  4  SOLID 
  9.0469D+00  4.0000D-02  2.9960D+11  2.8279D+11  3.2380D+09  5.9384D+10  5.3710D+05  7.1059D+04  1.1525D+00  4  SOLID 
  9.3571D+00  5.0000D-02  4.0886D+11  3.8593D+11  4.9079D+09  6.7823D+10  5.6865D+05  9.1592D+04  1.1920D+00  4  SOLID 
  9.5796D+00  6.0000D-02  4.9737D+11  4.6806D+11  6.4330D+09  7.5173D+10  5.9239D+05  1.0695D+05  1.2203D+00  3  SOLID 
  9.9054D+00  8.0000D-02  6.4396D+11  6.0147D+11  9.2244D+09  8.7256D+10  6.2876D+05  1.3047D+05  1.2618D+00  4  SOLID 
  1.0149D+01  1.0000D-01  7.6809D+11  7.1204D+11  1.1796D+10  9.6885D+10  6.5720D+05  1.4888D+05  1.2929D+00  3  SOLID 
  1.0347D+01  1.2000D-01  8.7877D+11  8.0895D+11  1.4223D+10  1.0486D+11  6.8104D+05  1.6437D+05  1.3181D+00  3  SOLID 
  1.0516D+01  1.4000D-01  9.8026D+11  8.9650D+11  1.6542D+10  1.1165D+11  7.0184D+05  1.7792D+05  1.3396D+00  3  SOLID 
  1.0663D+01  1.6000D-01  1.0750D+12  9.7713D+11  1.8778D+10  1.1756D+11  7.2043D+05  1.9008D+05  1.3584D+00  3  SOLID 
  1.0795D+01  1.8000D-01  1.1643D+12  1.0524D+12  2.0946D+10  1.2279D+11  7.3734D+05  2.0116D+05  1.3752D+00  3  SOLID 
  1.0915D+01  2.0000D-01  1.2495D+12  1.1232D+12  2.3059D+10  1.2747D+11  7.5291D+05  2.1140D+05  1.3904D+00  3  SOLID 
  1.1174D+01  2.5000D-01  1.4479D+12  1.2857D+12  2.8145D+10  1.3741D+11  7.8746D+05  2.3423D+05  1.4234D+00  3  SOLID 
  1.1392D+01  3.0000D-01  1.6310D+12  1.4325D+12  3.3015D+10  1.4554D+11  8.1746D+05  2.5417D+05  1.4512D+00  3  SOLID 
  1.1583D+01  3.5000D-01  1.8029D+12  1.5678D+12  3.7720D+10  1.5241D+11  8.4422D+05  2.7205D+05  1.4755D+00  3  SOLID 
  1.1752D+01  4.0000D-01  1.9661D+12  1.6941D+12  4.2294D+10  1.5837D+11  8.6852D+05  2.8838D+05  1.4971D+00  3  SOLID 
  1.1905D+01  4.5000D-01  2.1223D+12  1.8132D+12  4.6759D+10  1.6361D+11  8.9089D+05  3.0346D+05  1.5166D+00  3  SOLID 
  1.2046D+01  5.0000D-01  2.2726D+12  1.9263D+12  5.1131D+10  1.6830D+11  9.1169D+05  3.1755D+05  1.5345D+00  3  SOLID 
  1.2302D+01  5.5000D-01  2.5924D+12  2.1434D+12  6.0469D+10  1.7793D+11  9.5527D+05  3.4570D+05  1.5671D+00  3  MELT  
  1.2433D+01  6.0000D-01  2.7602D+12  2.2599D+12  6.5524D+10  1.8277D+11  9.7666D+05  3.6003D+05  1.5839D+00  3  LIQUID
  1.2532D+01  6.5000D-01  2.8870D+12  2.3494D+12  6.9410D+10  1.8614D+11  9.9218D+05  3.7067D+05  1.5964D+00  3  LIQUID
  1.2625D+01  7.0000D-01  3.0113D+12  2.4364D+12  7.3258D+10  1.8926D+11  1.0071D+06  3.8091D+05  1.6083D+00  3  LIQUID
  1.2714D+01  7.5000D-01  3.1334D+12  2.5210D+12  7.7069D+10  1.9216D+11  1.0214D+06  3.9078D+05  1.6197D+00  3  LIQUID
  1.2800D+01  8.0000D-01  3.2534D+12  2.6036D+12  8.0847D+10  1.9488D+11  1.0353D+06  4.0033D+05  1.6305D+00  3  LIQUID
  1.2881D+01  8.5000D-01  3.3716D+12  2.6842D+12  8.4594D+10  1.9743D+11  1.0486D+06  4.0959D+05  1.6409D+00  3  LIQUID
  1.2960D+01  9.0000D-01  3.4881D+12  2.7630D+12  8.8313D+10  1.9984D+11  1.0616D+06  4.1857D+05  1.6509D+00  3  LIQUID
  1.3035D+01  9.5000D-01  3.6030D+12  2.8401D+12  9.2004D+10  2.0212D+11  1.0742D+06  4.2729D+05  1.6606D+00  3  LIQUID
  1.3108D+01  1.0000D+00  3.7164D+12  2.9156D+12  9.5670D+10  2.0427D+11  1.0864D+06  4.3579D+05  1.6698D+00  2  LIQUID
  1.3247D+01  1.1000D+00  3.9392D+12  3.0624D+12  1.0293D+11  2.0829D+11  1.1098D+06  4.5215D+05  1.6875D+00  3  LIQUID
  1.3377D+01  1.2000D+00  4.1571D+12  3.2041D+12  1.1012D+11  2.1195D+11  1.1321D+06  4.6776D+05  1.7041D+00  3  LIQUID
  1.3500D+01  1.3000D+00  4.3708D+12  3.3413D+12  1.1723D+11  2.1532D+11  1.1534D+06  4.8273D+05  1.7197D+00  3  LIQUID
  1.3616D+01  1.4000D+00  4.5808D+12  3.4745D+12  1.2427D+11  2.1844D+11  1.1739D+06  4.9711D+05  1.7346D+00  3  LIQUID
  1.3727D+01  1.5000D+00  4.7876D+12  3.6042D+12  1.3127D+11  2.2135D+11  1.1935D+06  5.1099D+05  1.7487D+00  3  LIQUID
  1.3935D+01  1.7000D+00  5.1928D+12  3.8546D+12  1.4514D+11  2.2665D+11  1.2308D+06  5.3745D+05  1.7751D+00  3  LIQUID
  1.4218D+01  2.0000D+00  5.7847D+12  4.2122D+12  1.6574D+11  2.3356D+11  1.2827D+06  5.7450D+05  1.8112D+00  3  LIQUID
  1.4638D+01  2.5000D+00  6.7448D+12  4.7760D+12  1.9993D+11  2.4318D+11  1.3612D+06  6.3121D+05  1.8647D+00  3  LIQUID
  1.5013D+01  3.0000D+00  7.6898D+12  5.3162D+12  2.3441D+11  2.5126D+11  1.4329D+06  6.8366D+05  1.9125D+00  3  LIQUID
  1.5686D+01  4.0000D+00  9.5847D+12  6.3693D+12  3.0569D+11  2.6468D+11  1.5634D+06  7.8099D+05  1.9982D+00  3  LIQUID
  1.6296D+01  5.0000D+00  1.1532D+13  7.4202D+12  3.8140D+11  2.7595D+11  1.6836D+06  8.7257D+05  2.0759D+00  3  LIQUID
  1.6865D+01  6.0000D+00  1.3561D+13  8.4859D+12  4.6242D+11  2.8598D+11  1.7977D+06  9.6094D+05  2.1484D+00  3  LIQUID
  1.7403D+01  7.0000D+00  1.5687D+13  9.5711D+12  5.4918D+11  2.9522D+11  1.9080D+06  1.0473D+06  2.2169D+00  3  LIQUID
  1.7916D+01  8.0000D+00  1.7918D+13  1.0676D+13  6.4194D+11  3.0391D+11  2.0156D+06  1.1325D+06  2.2823D+00  3  LIQUID
  1.8407D+01  9.0000D+00  2.0261D+13  1.1797D+13  7.4085D+11  3.1222D+11  2.1214D+06  1.2167D+06  2.3448D+00  3  LIQUID
  1.8877D+01  1.0000D+01  2.2719D+13  1.2933D+13  8.4603D+11  3.2023D+11  2.2259D+06  1.3002D+06  2.4047D+00  3  LIQUID
